2013-02-05 22:21:17,484 - URE4hcCoAgIAAJI16PQAAAAE - [ROOT] - [INFO] Recieved Request at home
2013-02-05 22:21:17,615 - URE4hcCoAgIAAJI26PMAAAAF - [ROOT] - [INFO] Recieved Request at favicon.ico
2013-02-05 22:21:31,417 - URE4k8CoAgIAAJIPe-EAAAAC - [ROOT] - [INFO] Recieved Request at home
2013-02-05 22:21:31,545 - URE4k8CoAgIAAJHuSiUAAAAB - [ROOT] - [INFO] Recieved Request at favicon.ico
2013-02-05 22:21:58,960 - URE4rsCoAgIAAFUCGncAAAAA - [ROOT] - [INFO] Recieved Request at home
2013-02-05 22:21:59,090 - URE4r8CoAgIAAFUCGngAAAAA - [ROOT] - [INFO] Recieved Request at favicon.ico
2013-02-05 22:23:09,765 - URE49cCoAgIAAJI06G8AAAAD - [ROOT] - [INFO] Recieved Request at home
2013-02-05 22:23:09,899 - URE49cCoAgIAAJI06HAAAAAD - [ROOT] - [INFO] Recieved Request at favicon.ico
2013-02-05 22:26:56,800 - URE52MCoAgIAAJI26PQAAAAF - [ROOT] - [INFO] Recieved Request at home
2013-02-05 22:26:56,989 - URE52MCoAgIAAJI26PUAAAAF - [ROOT] - [INFO] Recieved Request at favicon.ico
2013-02-05 22:27:34,864 - URE5-sCoAgIAAJHuSiYAAAAB - [ROOT] - [INFO] Recieved Request at home
2013-02-05 22:27:35,488 - URE5-8CoAgIAAJHuSikAAAAB - [ROOT] - [INFO] Recieved Request at favicon.ico
2013-02-05 22:30:56,112 - URE6yMCoAgIAAFUCGnkAAAAA - [ROOT] - [INFO] Recieved Request at about
2013-02-05 22:30:56,660 - URE6yMCoAgIAAFUCGnoAAAAA - [ROOT] - [INFO] Recieved Request at favicon.ico
2013-02-05 22:31:13,630 - URE62cCoAgIAAJI06HEAAAAD - [ROOT] - [INFO] Recieved Request at about
2013-02-05 22:31:14,888 - URE62sCoAgIAAJI06HQAAAAD - [ROOT] - [INFO] Recieved Request at favicon.ico
2013-02-05 22:32:10,959 - URE7EsCoAgIAAJHuSioAAAAB - [ROOT] - [INFO] Recieved Request at about
2013-02-05 22:32:11,449 - URE7E8CoAgIAAJHuSiwAAAAB - [ROOT] - [INFO] Recieved Request at favicon.ico
2013-02-05 22:32:22,636 - URE7HsCoAgIAAJI06HUAAAAD - [ROOT] - [INFO] Recieved Request at about/
2013-02-05 22:32:22,670 - URE7HsCoAgIAAJI06HYAAAAD - [ROOT] - [INFO] Recieved Request at about/static/bootstrap/css/bootstrap-responsive.css
2013-02-05 22:32:22,671 - URE7HsCoAgIAAJI26PYAAAAF - [ROOT] - [INFO] Recieved Request at about/static/bootstrap/css/bootstrap.min.css
2013-02-05 22:32:23,073 - URE7H8CoAgIAAJI06HcAAAAD - [ROOT] - [INFO] Recieved Request at favicon.ico
2013-02-05 22:32:38,437 - URE7LsCoAgIAAFUCGnwAAAAA - [ROOT] - [INFO] Recieved Request at about/
2013-02-05 22:32:38,476 - URE7LsCoAgIAAFUCGn0AAAAA - [ROOT] - [INFO] Recieved Request at about/static/bootstrap/css/bootstrap-responsive.css
2013-02-05 22:32:38,476 - URE7LsCoAgIAAJHuSi0AAAAB - [ROOT] - [INFO] Recieved Request at about/static/bootstrap/css/bootstrap.min.css
2013-02-05 22:32:39,669 - URE7L8CoAgIAAFUCGn4AAAAA - [ROOT] - [INFO] Recieved Request at favicon.ico
2013-02-05 22:33:17,142 - URE7VcCoAgIAAJI26PcAAAAF - [ROOT] - [INFO] Recieved Request at about/
2013-02-05 22:33:17,188 - URE7VcCoAgIAAJI26PgAAAAF - [ROOT] - [INFO] Recieved Request at about/static/bootstrap/css/bootstrap-responsive.css
2013-02-05 22:33:17,190 - URE7VcCoAgIAAJI06HgAAAAD - [ROOT] - [INFO] Recieved Request at about/static/bootstrap/css/bootstrap.min.css
2013-02-05 22:33:18,435 - URE7VsCoAgIAAJI26PkAAAAF - [ROOT] - [INFO] Recieved Request at favicon.ico
2013-02-05 22:33:26,240 - URE7XsCoAgIAAJHuSi4AAAAB - [ROOT] - [INFO] Recieved Request at about/
2013-02-05 22:33:26,280 - URE7XsCoAgIAAJHuSi8AAAAB - [ROOT] - [INFO] Recieved Request at about/static/bootstrap/css/bootstrap-responsive.css
2013-02-05 22:33:26,285 - URE7XsCoAgIAAFUCGn8AAAAA - [ROOT] - [INFO] Recieved Request at about/static/bootstrap/css/bootstrap.min.css
2013-02-05 22:33:27,206 - URE7X8CoAgIAAJHuSjAAAAAB - [ROOT] - [INFO] Recieved Request at favicon.ico
2013-02-05 22:33:40,308 - URE7bMCoAgIAAJI06HkAAAAD - [ROOT] - [INFO] Recieved Request at about/
2013-02-05 22:33:40,350 - URE7bMCoAgIAAJI26PoAAAAF - [ROOT] - [INFO] Recieved Request at about/static/bootstrap/css/bootstrap.min.css
2013-02-05 22:33:40,353 - URE7bMCoAgIAAJI06HoAAAAD - [ROOT] - [INFO] Recieved Request at about/static/bootstrap/css/bootstrap-responsive.css
2013-02-05 22:33:41,369 - URE7bcCoAgIAAJI06HsAAAAD - [ROOT] - [INFO] Recieved Request at favicon.ico
2013-02-05 22:33:48,043 - URE7dMCoAgIAAFUCGoAAAAAA - [ROOT] - [INFO] Recieved Request at about/
2013-02-05 22:33:48,085 - URE7dMCoAgIAAJHuSjEAAAAB - [ROOT] - [INFO] Recieved Request at about/static/bootstrap/css/bootstrap.min.css
2013-02-05 22:33:48,085 - URE7dMCoAgIAAFUCGoEAAAAA - [ROOT] - [INFO] Recieved Request at about/static/bootstrap/css/bootstrap-responsive.css
2013-02-05 22:33:49,159 - URE7dcCoAgIAAFUCGoIAAAAA - [ROOT] - [INFO] Recieved Request at favicon.ico
2013-02-05 22:33:51,096 - URE7d8CoAgIAAFUCGoMAAAAA - [ROOT] - [INFO] Recieved Request at about/
2013-02-05 22:33:51,139 - URE7d8CoAgIAAJHuSjIAAAAB - [ROOT] - [INFO] Recieved Request at about/static/bootstrap/css/bootstrap.min.css
2013-02-05 22:33:51,139 - URE7d8CoAgIAAFUCGoQAAAAA - [ROOT] - [INFO] Recieved Request at about/static/bootstrap/css/bootstrap-responsive.css
2013-02-05 22:33:51,880 - URE7d8CoAgIAAFUCGoUAAAAA - [ROOT] - [INFO] Recieved Request at favicon.ico
2013-02-05 22:34:24,327 - URE7mMCoAgIAAJReGAUAAAAG - [ROOT] - [INFO] Recieved Request at about
2013-02-05 22:34:53,051 - URE7tcCoAgIAAJRcF2cAAAAC - [ROOT] - [INFO] Recieved Request at about
2013-02-05 22:36:24,580 - URE8EMCoAgIAAJI26PsAAAAF - [ROOT] - [INFO] Recieved Request at 
2013-02-05 22:42:59,040 - URE9m8CoAgIAAJI06HwAAAAD - [ROOT] - [INFO] Recieved Request at 
2013-02-05 22:43:35,567 - URE9v8CoAgIAAJReGAgAAAAG - [ROOT] - [INFO] Recieved Request at application
2013-02-05 22:44:38,240 - URE9-sCoAgIAAJRcF2oAAAAC - [ROOT] - [INFO] Recieved Request at application
2013-02-05 22:45:01,009 - URE@FMCoAgIAAJHuSjQAAAAB - [ROOT] - [INFO] Recieved Request at application
2013-02-05 22:46:46,942 - URE@fsCoAgIAAFUCGoYAAAAA - [ROOT] - [INFO] Recieved Request at application
2013-02-05 22:47:03,556 - URE@j8CoAgIAAJI26P0AAAAF - [ROOT] - [INFO] Recieved Request at application
2013-02-05 22:50:47,756 - URE-b8CoAgIAAJRcF2wAAAAC - [ROOT] - [INFO] Recieved Request at application
2013-02-05 22:50:47,771 - URE-b8CoAgIAAJRcF20AAAAC - [ROOT] - [INFO] Recieved Request at 
2013-02-05 22:51:18,307 - URE-jsCoAgIAAJI06IIAAAAD - [ROOT] - [INFO] Recieved Request at application
2013-02-05 22:51:18,322 - URE-jsCoAgIAAJI06IMAAAAD - [ROOT] - [INFO] Recieved Request at 
2013-02-05 22:55:35,196 - URFAj8CoAgIAAJReGAoAAAAG - [ROOT] - [INFO] Recieved Request at 
2013-02-05 22:55:41,681 - URFAlcCoAgIAAJI26P8AAAAF - [ROOT] - [INFO] Recieved Request at application
2013-02-05 22:55:41,696 - URFAlcCoAgIAAJI26QAAAAAF - [ROOT] - [INFO] Recieved Request at 
