2013-02-06 21:01:34,012 - URLErgrS6p8AAEk@akcAAAAC - [ROOT] - [INFO] Recieved Request at 
2013-02-06 21:01:38,760 - URLEsgrS6p8AAEk-bHoAAAAF - [ROOT] - [INFO] Recieved Request at application
2013-02-06 21:03:40,463 - URLFLArS6p8AAEInBnUAAAAJ - [ROOT] - [INFO] Recieved Request at application
2013-02-06 21:04:26,350 - URLFWgrS6p8AAEIhAdgAAAAA - [ROOT] - [INFO] Recieved Request at privacy
2013-02-06 21:10:54,426 - URLG3grS6p8AAEk@akkAAAAC - [ROOT] - [INFO] Recieved Request at privacy
2013-02-06 21:10:58,147 - URLG4grS6p8AAEk@akoAAAAC - [ROOT] - [INFO] Recieved Request at 
2013-02-06 21:11:02,745 - URLG5grS6p8AAEk@akwAAAAC - [ROOT] - [INFO] Recieved Request at dates
2013-02-06 21:11:06,445 - URLG6grS6p8AAEk@ak0AAAAC - [ROOT] - [INFO] Recieved Request at application
2013-02-06 21:14:57,018 - URLH0QrS6p8AAEIiA1kAAAAD - [ROOT] - [INFO] Recieved Request at application
2013-02-06 21:15:03,999 - URLH1wrS6p8AAEIjA5UAAAAE - [ROOT] - [INFO] Recieved Request at 
2013-02-06 21:15:07,029 - URLH2wrS6p8AAEIjA5cAAAAE - [ROOT] - [INFO] Recieved Request at dates
2013-02-06 21:15:09,862 - URLH3QrS6p8AAEIjA5gAAAAE - [ROOT] - [INFO] Recieved Request at privacy
2013-02-06 21:15:55,670 - URLICwrS6p8AAFrLUAMAAAAI - [ROOT] - [INFO] Recieved Request at 
2013-02-06 21:17:07,645 - URLIUwrS6p8AAEInBngAAAAJ - [ROOT] - [INFO] Recieved Request at 
2013-02-06 21:17:13,164 - URLIWQrS6p8AAEInBnsAAAAJ - [ROOT] - [INFO] Recieved Request at application
2013-02-06 21:18:19,468 - URLImwrS6p8AAEIkBf4AAAAG - [ROOT] - [INFO] Recieved Request at dates
2013-02-06 21:18:45,958 - URLItQrS6p8AAF1CFGsAAAAK - [ROOT] - [INFO] Recieved Request at dates
2013-02-06 21:19:22,280 - URLI2grS6p8AAEInBn0AAAAJ - [ROOT] - [INFO] Recieved Request at dates
2013-02-06 21:19:31,486 - URLI4wrS6p8AAEIkBf8AAAAG - [ROOT] - [INFO] Recieved Request at application
2013-02-06 21:19:44,708 - URLI8ArS6p8AAF6SwdgAAAAB - [ROOT] - [INFO] Recieved Request at interests
2013-02-06 21:20:05,195 - URLJBQrS6p8AAEIhAdkAAAAA - [ROOT] - [INFO] Recieved Request at interests
2013-02-06 21:20:05,415 - URLJBQrS6p8AAEk-bHwAAAAF - [ROOT] - [INFO] Recieved Request at 
2013-02-06 21:20:05,521 - URLJBQrS6p8AAEIhAdoAAAAA - [ROOT] - [INFO] Recieved Request at 
2013-02-06 21:20:34,813 - URLJIgrS6p8AAF6ZC7UAAAAL - [ROOT] - [INFO] Recieved Request at 
2013-02-06 21:25:24,999 - URLKRArS6p8AAEk@ak8AAAAC - [ROOT] - [INFO] Recieved Request at application
2013-02-06 21:30:38,120 - URLLfgrS6p8AAEk-bH8AAAAF - [ROOT] - [INFO] Recieved Request at application
2013-02-06 21:31:02,737 - URLLlgrS6p8AAF1ygCoAAAAH - [ROOT] - [INFO] Recieved Request at 
2013-02-06 21:31:44,586 - URLLwArS6p8AAEk@alAAAAAC - [ROOT] - [INFO] Recieved Request at dates
2013-02-06 21:31:50,126 - URLLxgrS6p8AAEIhAdwAAAAA - [ROOT] - [INFO] Recieved Request at privacy
