2013-02-07 15:00:55,883 - URPBpwrS6p8AAH-mBMIAAAAD - [ROOT] - [INFO] Recieved Request at 
2013-02-07 15:01:02,972 - URPBrgrS6p8AAH-qCoAAAAAH - [ROOT] - [INFO] Recieved Request at 
2013-02-07 15:01:11,950 - URPBtwrS6p8AAAfdFoEAAAAJ - [ROOT] - [INFO] Recieved Request at 
2013-02-07 15:01:21,454 - URPBwQrS6p8AAH-nBWQAAAAE - [ROOT] - [INFO] Recieved Request at application
2013-02-07 15:01:24,115 - URPBxArS6p8AAH-nBWYAAAAE - [ROOT] - [INFO] Recieved Request at 
2013-02-07 15:01:26,810 - URPBxgrS6p8AAH-nBWcAAAAE - [ROOT] - [INFO] Recieved Request at application
2013-02-07 15:32:02,423 - URPI8grS6p8AAH-oCHYAAAAF - [ROOT] - [INFO] Recieved Request at dates
2013-02-07 15:32:08,054 - URPI@ArS6p8AAH-wgjEAAAAI - [ROOT] - [INFO] Recieved Request at application
2013-02-07 15:32:17,521 - URPJAQrS6p8AAH-qCoEAAAAH - [ROOT] - [INFO] Recieved Request at interests
2013-02-07 15:32:21,161 - URPJBQrS6p8AAH-qCoIAAAAH - [ROOT] - [INFO] Recieved Request at dates
2013-02-07 15:32:28,667 - URPJDArS6p8AAAfdFoIAAAAJ - [ROOT] - [INFO] Recieved Request at 
2013-02-07 15:33:48,732 - URPJXArS6p8AAH-lA5EAAAAC - [ROOT] - [INFO] Recieved Request at 
2013-02-07 15:34:01,319 - URPJaQrS6p8AAH-kA1QAAAAB - [ROOT] - [INFO] Recieved Request at application
2013-02-07 15:34:06,979 - URPJbgrS6p8AAH-kA1YAAAAB - [ROOT] - [INFO] Recieved Request at interests
2013-02-07 15:34:10,586 - URPJcgrS6p8AAH-kA1cAAAAB - [ROOT] - [INFO] Recieved Request at dates
2013-02-07 15:34:15,661 - URPJdwrS6p8AAH-oCHcAAAAF - [ROOT] - [INFO] Recieved Request at dates
2013-02-07 15:34:21,459 - URPJfQrS6p8AAH-pCsIAAAAG - [ROOT] - [INFO] Recieved Request at application
2013-02-07 15:34:24,239 - URPJgArS6p8AAH-pCsMAAAAG - [ROOT] - [INFO] Recieved Request at interests
2013-02-07 15:34:26,337 - URPJggrS6p8AAH-pCsQAAAAG - [ROOT] - [INFO] Recieved Request at dates
2013-02-07 15:34:31,404 - URPJhwrS6p8AAH-nBWoAAAAE - [ROOT] - [INFO] Recieved Request at dates
2013-02-07 15:46:13,090 - URPMRQrS6p8AABBtA2EAAAAB - [ROOT] - [INFO] Recieved Request at 
2013-02-07 15:52:12,752 - URPNrArS6p8AABEaA18AAAAB - [ROOT] - [INFO] Recieved Request at 
2013-02-07 15:52:27,438 - URPNuwrS6p8AABEcBaYAAAAD - [ROOT] - [INFO] Recieved Request at privacy
2013-02-07 15:52:32,070 - URPNwArS6p8AABEcBacAAAAD - [ROOT] - [INFO] Recieved Request at 
