2013-02-06 20:23:00,121 - URK7pArS6p8AAEInBnEAAAAJ - [ROOT] - [INFO] Recieved Request at 
2013-02-06 20:35:02,203 - URK@dgrS6p8AAEgNYr4AAAAB - [ROOT] - [INFO] Recieved Request at 
2013-02-06 20:35:46,301 - URK@ogrS6p8AAEk-bHEAAAAF - [ROOT] - [INFO] Recieved Request at 
2013-02-06 20:36:15,225 - URK@vwrS6p8AAElAdYgAAAAH - [ROOT] - [INFO] Recieved Request at privacy
2013-02-06 20:36:17,401 - URK@wQrS6p8AAElAdYoAAAAH - [ROOT] - [INFO] Recieved Request at 
2013-02-06 20:36:18,812 - URK@wgrS6p8AAEgNYsEAAAAB - [ROOT] - [INFO] Recieved Request at dates
2013-02-06 20:36:27,254 - URK@ywrS6p8AAEIhAcMAAAAA - [ROOT] - [INFO] Recieved Request at 
2013-02-06 20:36:28,752 - URK@zArS6p8AAEIhAcYAAAAA - [ROOT] - [INFO] Recieved Request at 
2013-02-06 20:36:30,195 - URK@zgrS6p8AAEIhAcgAAAAA - [ROOT] - [INFO] Recieved Request at 
2013-02-06 20:36:35,037 - URK@0wrS6p8AAEIhAcsAAAAA - [ROOT] - [INFO] Recieved Request at dates
2013-02-06 20:36:40,085 - URK@2ArS6p8AAEIhAc0AAAAA - [ROOT] - [INFO] Recieved Request at 
2013-02-06 20:36:41,969 - URK@2QrS6p8AAEIhAdAAAAAA - [ROOT] - [INFO] Recieved Request at privacy
2013-02-06 20:36:47,047 - URK@3wrS6p8AAEIhAdIAAAAA - [ROOT] - [INFO] Recieved Request at delete
2013-02-06 20:36:54,421 - URK@5grS6p8AAEk@ajoAAAAC - [ROOT] - [INFO] Recieved Request at 
2013-02-06 20:36:57,108 - URK@6QrS6p8AAEk@aj0AAAAC - [ROOT] - [INFO] Recieved Request at 
2013-02-06 20:37:00,184 - URK@7ArS6p8AAEk@akAAAAAC - [ROOT] - [INFO] Recieved Request at 
2013-02-06 20:43:12,704 - URLAYArS6p8AAEk-bHQAAAAF - [ROOT] - [INFO] Recieved Request at 
2013-02-06 20:43:18,299 - URLAZgrS6p8AAEIiA1cAAAAD - [ROOT] - [INFO] Recieved Request at 
2013-02-06 20:46:51,373 - URLBOwrS6p8AAElAdY0AAAAH - [ROOT] - [INFO] Recieved Request at 
2013-02-06 20:50:00,845 - URLB@ArS6p8AAEIkBfgAAAAG - [ROOT] - [INFO] Recieved Request at 
2013-02-06 20:54:03,215 - URLC6wrS6p8AAEk@akMAAAAC - [ROOT] - [INFO] Recieved Request at application
2013-02-06 20:57:47,205 - URLDywrS6p8AAEgNYsQAAAAB - [ROOT] - [INFO] Recieved Request at 
2013-02-06 20:57:55,360 - URLD0wrS6p8AAEIkBfoAAAAG - [ROOT] - [INFO] Recieved Request at application
2013-02-06 20:58:27,509 - URLD8wrS6p8AAEk@akUAAAAC - [ROOT] - [INFO] Recieved Request at 
2013-02-06 20:59:10,582 - URLEHgrS6p8AAEIkBfwAAAAG - [ROOT] - [INFO] Recieved Request at dates
2013-02-06 20:59:17,691 - URLEJQrS6p8AAF1CFGoAAAAK - [ROOT] - [INFO] Recieved Request at privacy
2013-02-06 20:59:27,766 - URLELwrS6p8AAEIhAdYAAAAA - [ROOT] - [INFO] Recieved Request at 
