2013-02-07 00:08:22,163 - URKjHcCoAgIAAJbsNokAAAAD - [ROOT] - [INFO] Recieved Request at 
2013-02-07 00:08:55,944 - URKjP8CoAgIAAJc5QzIAAAAF - [ROOT] - [INFO] Recieved Request at 
2013-02-07 00:09:21,045 - URKjWMCoAgIAAJYlXLYAAAAA - [ROOT] - [INFO] Recieved Request at 
2013-02-07 00:12:05,025 - URKj-MCoAgIAAJc1Z1kAAAAE - [ROOT] - [INFO] Recieved Request at 
2013-02-07 00:12:35,222 - URKkG8CoAgIAAJYnXWkAAAAC - [ROOT] - [INFO] Recieved Request at application
2013-02-07 00:12:35,288 - URKkG8CoAgIAAJYnXWoAAAAC - [ROOT] - [INFO] Recieved Request at 
2013-02-07 00:15:12,381 - URKkuMCoAgIAAJc5QzMAAAAF - [ROOT] - [INFO] Recieved Request at 
2013-02-07 00:16:33,780 - URKlCcCoAgIAAJYlXLcAAAAA - [ROOT] - [INFO] Recieved Request at 
2013-02-07 00:17:14,062 - URKlMcCoAgIAAJc6QzEAAAAG - [ROOT] - [INFO] Recieved Request at 
2013-02-07 00:17:54,471 - URKlWsCoAgIAAJYnXWwAAAAC - [ROOT] - [INFO] Recieved Request at 
2013-02-07 00:19:43,371 - URKlx8CoAgIAAJYmXWQAAAAB - [ROOT] - [INFO] Recieved Request at application
2013-02-07 00:19:43,401 - URKlx8CoAgIAAJYmXWUAAAAB - [ROOT] - [INFO] Recieved Request at 
2013-02-07 00:20:21,395 - URKl7cCoAgIAAJYlXLkAAAAA - [ROOT] - [INFO] Recieved Request at 
2013-02-07 00:20:46,387 - URKmBsCoAgIAAJc6QzMAAAAG - [ROOT] - [INFO] Recieved Request at application
2013-02-07 00:20:46,414 - URKmBsCoAgIAAJc6QzQAAAAG - [ROOT] - [INFO] Recieved Request at 
2013-02-07 00:22:07,507 - URKmV8CoAgIAAJc1Z18AAAAE - [ROOT] - [INFO] Recieved Request at 
2013-02-07 00:37:23,978 - URKp68CoAgIAAJYnXXEAAAAC - [ROOT] - [INFO] Recieved Request at 
2013-02-07 00:39:47,767 - URKqe8CoAgIAAJYmXWgAAAAB - [ROOT] - [INFO] Recieved Request at 
2013-02-07 00:43:33,774 - URKrXcCoAgIAAJbsNo4AAAAD - [ROOT] - [INFO] Recieved Request at 
2013-02-07 00:43:59,372 - URKrd8CoAgIAAJc1Z2EAAAAE - [ROOT] - [INFO] Recieved Request at 
2013-02-07 00:44:19,950 - URKri8CoAgIAAJc5QzsAAAAF - [ROOT] - [INFO] Recieved Request at 
2013-02-07 00:49:52,114 - URKs18CoAgIAAJbsNpAAAAAD - [ROOT] - [INFO] Recieved Request at 
2013-02-07 00:51:08,660 - URKtJMCoAgIAAJc6QzkAAAAG - [ROOT] - [INFO] Recieved Request at 
2013-02-07 00:51:23,055 - URKtM8CoAgIAAJc1Z2YAAAAE - [ROOT] - [INFO] Recieved Request at 
2013-02-07 00:51:57,231 - URKtVcCoAgIAAJc5Q0AAAAAF - [ROOT] - [INFO] Recieved Request at 
2013-02-07 00:54:01,532 - URKt0cCoAgIAAJYlXMIAAAAA - [ROOT] - [INFO] Recieved Request at 
2013-02-07 00:54:34,744 - URKt8sCoAgIAAJc6Qz4AAAAG - [ROOT] - [INFO] Recieved Request at 
2013-02-07 00:55:23,820 - URKuI8CoAgIAAJYnXXYAAAAC - [ROOT] - [INFO] Recieved Request at 
2013-02-07 00:57:46,791 - URKussCoAgIAAJYmXWoAAAAB - [ROOT] - [INFO] Recieved Request at 
2013-02-07 00:59:21,753 - URKvEcCoAgIAAJbsNpQAAAAD - [ROOT] - [INFO] Recieved Request at 
