2013-02-07 13:04:22,378 - UROmVgrS6p8AAEInBoIAAAAJ - [ROOT] - [INFO] Recieved Request at 
2013-02-07 13:05:12,968 - UROmiArS6p8AAF1ygDEAAAAH - [ROOT] - [INFO] Recieved Request at 
2013-02-07 13:05:16,964 - UROmjArS6p8AAF1ygDMAAAAH - [ROOT] - [INFO] Recieved Request at privacy
2013-02-07 13:05:22,693 - UROmkgrS6p8AAF1ygDUAAAAH - [ROOT] - [INFO] Recieved Request at 
2013-02-07 13:07:30,459 - UROnEgrS6p8AAEIjA54AAAAE - [ROOT] - [INFO] Recieved Request at 
2013-02-07 13:08:53,447 - UROnZQrS6p8AAF6ZC8oAAAAL - [ROOT] - [INFO] Recieved Request at privacy
2013-02-07 13:09:06,430 - UROncgrS6p8AAF6aDR8AAAAM - [ROOT] - [INFO] Recieved Request at 
2013-02-07 13:40:38,356 - UROu1grS6p8AAF1ygDcAAAAH - [ROOT] - [INFO] Recieved Request at 
2013-02-07 13:42:13,909 - UROvNQrS6p8AAHnJ@HAAAAAB - [ROOT] - [INFO] Recieved Request at 
2013-02-07 13:42:32,088 - UROvSArS6p8AAF6ZC8wAAAAL - [ROOT] - [INFO] Recieved Request at 
2013-02-07 13:43:28,949 - UROvgArS6p8AAH9PA1wAAAAB - [ROOT] - [INFO] Recieved Request at 
2013-02-07 13:43:36,692 - UROviArS6p8AAH9QA90AAAAC - [ROOT] - [INFO] Recieved Request at 
2013-02-07 13:45:51,627 - UROwDwrS6p8AAH@wA1oAAAAB - [ROOT] - [INFO] Recieved Request at 
2013-02-07 13:46:27,120 - UROwMwrS6p8AAH@xA98AAAAC - [ROOT] - [INFO] Recieved Request at 
2013-02-07 13:47:02,207 - UROwVgrS6p8AAH@3C9oAAAAH - [ROOT] - [INFO] Recieved Request at 
2013-02-07 13:47:44,324 - UROwgArS6p8AAH-jAdQAAAAA - [ROOT] - [INFO] Recieved Request at 
2013-02-07 13:48:12,596 - UROwnArS6p8AAH-lA48AAAAC - [ROOT] - [INFO] Recieved Request at 
2013-02-07 13:52:36,791 - UROxpArS6p8AAH-nBVkAAAAE - [ROOT] - [INFO] Recieved Request at 
2013-02-07 13:52:59,160 - UROxuwrS6p8AAH-jAdgAAAAA - [ROOT] - [INFO] Recieved Request at 
2013-02-07 13:53:05,708 - UROxwQrS6p8AAH-kA1AAAAAB - [ROOT] - [INFO] Recieved Request at application
2013-02-07 13:53:16,339 - UROxzArS6p8AAH-lA5AAAAAC - [ROOT] - [INFO] Recieved Request at interests
2013-02-07 13:53:33,125 - UROx3QrS6p8AAH-wgisAAAAI - [ROOT] - [INFO] Recieved Request at 
2013-02-07 13:53:48,697 - UROx7ArS6p8AAH-nBV0AAAAE - [ROOT] - [INFO] Recieved Request at 
2013-02-07 13:53:51,358 - UROx7wrS6p8AAH-nBV4AAAAE - [ROOT] - [INFO] Recieved Request at application
2013-02-07 13:53:56,318 - UROx9ArS6p8AAH-nBWAAAAAE - [ROOT] - [INFO] Recieved Request at interests
2013-02-07 13:54:08,465 - UROyAArS6p8AAH-qCn8AAAAH - [ROOT] - [INFO] Recieved Request at dates
2013-02-07 13:54:27,594 - UROyEwrS6p8AAH-kA1IAAAAB - [ROOT] - [INFO] Recieved Request at dates
