2013-02-07 16:01:09,787 - URPPxQrS6p8AABEdBekAAAAE - [ROOT] - [INFO] Recieved Request at privacy
2013-02-07 16:10:07,385 - URPR3wrS6p8AABEiSLoAAAAF - [ROOT] - [INFO] Recieved Request at application
2013-02-07 16:10:33,846 - URPR@QrS6p8AABEbA@sAAAAC - [ROOT] - [INFO] Recieved Request at application
2013-02-07 16:10:33,929 - URPR@QrS6p8AABEbA@wAAAAC - [ROOT] - [INFO] Recieved Request at 
2013-02-07 16:12:57,203 - URPSiQrS6p8AABVreiAAAAAJ - [ROOT] - [INFO] Recieved Request at application
2013-02-07 16:13:13,683 - URPSmQrS6p8AABEZA6sAAAAA - [ROOT] - [INFO] Recieved Request at dates
2013-02-07 16:13:29,000 - URPSqArS6p8AABEdBesAAAAE - [ROOT] - [INFO] Recieved Request at application
2013-02-07 16:13:41,320 - URPStQrS6p8AABEiSLwAAAAF - [ROOT] - [INFO] Recieved Request at privacy
2013-02-07 16:13:53,457 - URPSwQrS6p8AABEaA2EAAAAB - [ROOT] - [INFO] Recieved Request at dates
2013-02-07 16:13:57,444 - URPSxQrS6p8AABEaA2IAAAAB - [ROOT] - [INFO] Recieved Request at 
2013-02-07 16:14:55,161 - URPS-wrS6p8AABWlzysAAAAL - [ROOT] - [INFO] Recieved Request at application
2013-02-07 16:23:32,957 - URPVBArS6p8AABEdBe0AAAAE - [ROOT] - [INFO] Recieved Request at 
2013-02-07 16:25:39,418 - URPVgwrS6p8AABXQQBMAAAAM - [ROOT] - [INFO] Recieved Request at application
2013-02-07 16:25:43,439 - URPVhwrS6p8AABXQQBQAAAAM - [ROOT] - [INFO] Recieved Request at 
2013-02-07 16:26:03,548 - URPVmwrS6p8AABXPQGYAAAAH - [ROOT] - [INFO] Recieved Request at privacy
2013-02-07 16:38:27,766 - URPYgwrS6p8AABEiSL8AAAAF - [ROOT] - [INFO] Recieved Request at 
2013-02-07 16:38:52,119 - URPYnArS6p8AABEZA60AAAAA - [ROOT] - [INFO] Recieved Request at 
2013-02-07 16:39:07,266 - URPYqwrS6p8AABXQQBUAAAAM - [ROOT] - [INFO] Recieved Request at 
2013-02-07 16:39:09,887 - URPYrQrS6p8AABXQQBYAAAAM - [ROOT] - [INFO] Recieved Request at 
2013-02-07 16:42:25,827 - URPZcQrS6p8AABEjS1wAAAAG - [ROOT] - [INFO] Recieved Request at application
2013-02-07 16:44:30,195 - URPZ7grS6p8AABWjwMAAAAAK - [ROOT] - [INFO] Recieved Request at application
2013-02-07 16:44:57,175 - URPaCQrS6p8AABEaA2QAAAAB - [ROOT] - [INFO] Recieved Request at application
2013-02-07 16:45:05,956 - URPaEQrS6p8AABEiSMAAAAAF - [ROOT] - [INFO] Recieved Request at application
2013-02-07 16:45:17,245 - URPaHQrS6p8AABXQQBcAAAAM - [ROOT] - [INFO] Recieved Request at application
2013-02-07 16:46:20,408 - URPaXArS6p8AABEiSMEAAAAF - [ROOT] - [INFO] Recieved Request at application
2013-02-07 16:46:20,723 - URPaXArS6p8AABEiSMIAAAAF - [ROOT] - [INFO] Recieved Request at 
2013-02-07 16:47:32,916 - URPapArS6p8AABVreiMAAAAJ - [ROOT] - [INFO] Recieved Request at 
2013-02-07 16:47:39,362 - URPaqwrS6p8AABXQQBgAAAAM - [ROOT] - [INFO] Recieved Request at application
2013-02-07 16:47:54,612 - URPaugrS6p8AABEjS10AAAAG - [ROOT] - [INFO] Recieved Request at application
2013-02-07 16:48:00,348 - URPawArS6p8AABElTX8AAAAI - [ROOT] - [INFO] Recieved Request at application
2013-02-07 16:53:52,587 - URPcIArS6p8AABWjwMEAAAAK - [ROOT] - [INFO] Recieved Request at 
2013-02-07 16:53:54,334 - URPcIgrS6p8AABxwzIIAAAAC - [ROOT] - [INFO] Recieved Request at 
2013-02-07 16:53:58,017 - URPcJgrS6p8AABxwzIMAAAAC - [ROOT] - [INFO] Recieved Request at application
2013-02-07 16:54:04,693 - URPcLArS6p8AABEjS14AAAAG - [ROOT] - [INFO] Recieved Request at privacy
2013-02-07 16:54:06,754 - URPcLgrS6p8AABEjS18AAAAG - [ROOT] - [INFO] Recieved Request at dates
2013-02-07 16:54:08,766 - URPcMArS6p8AABEjS2AAAAAG - [ROOT] - [INFO] Recieved Request at application
2013-02-07 16:54:21,610 - URPcPQrS6p8AABygIHkAAAAL - [ROOT] - [INFO] Recieved Request at 
2013-02-07 16:54:29,128 - URPcRQrS6p8AABxwzIQAAAAC - [ROOT] - [INFO] Recieved Request at 
2013-02-07 16:55:26,518 - URPcfgrS6p8AABEjS2EAAAAG - [ROOT] - [INFO] Recieved Request at privacy
2013-02-07 16:55:47,444 - URPckwrS6p8AABEZA64AAAAA - [ROOT] - [INFO] Recieved Request at 
2013-02-07 16:56:02,792 - URPcogrS6p8AABxwzIUAAAAC - [ROOT] - [INFO] Recieved Request at 
2013-02-07 16:57:14,795 - URPc6grS6p8AAByfIMwAAAAE - [ROOT] - [INFO] Recieved Request at 
