2013-02-05 21:02:04,825 - UREl9MCoAgIAAJHuSh4AAAAB - [ROOT] - [INFO] Recieved Request at 
2013-02-05 21:02:43,622 - UREmG8CoAgIAAJIPe90AAAAC - [ROOT] - [INFO] Recieved Request at 
2013-02-05 21:07:17,010 - UREnLMCoAgIAAFUCGmgAAAAA - [ROOT] - [INFO] Recieved Request at 
2013-02-05 21:15:51,289 - UREpL8CoAgIAAJHuSiAAAAAB - [ROOT] - [INFO] Recieved Request at home
2013-02-05 21:15:52,324 - UREpMMCoAgIAAFUCGmsAAAAA - [ROOT] - [INFO] Recieved Request at favicon.ico
2013-02-05 21:16:07,146 - UREpP8CoAgIAAJI26O0AAAAF - [ROOT] - [INFO] Recieved Request at home
2013-02-05 21:16:08,455 - UREpQMCoAgIAAJI26O8AAAAF - [ROOT] - [INFO] Recieved Request at favicon.ico
2013-02-05 21:16:37,702 - UREpXcCoAgIAAJHuSiIAAAAB - [ROOT] - [INFO] Recieved Request at home
2013-02-05 21:16:38,893 - UREpXsCoAgIAAJHuSiQAAAAB - [ROOT] - [INFO] Recieved Request at favicon.ico
2013-02-05 21:16:53,433 - UREpbcCoAgIAAJI06GMAAAAD - [ROOT] - [INFO] Recieved Request at home
2013-02-05 21:16:54,452 - UREpbsCoAgIAAJI06GUAAAAD - [ROOT] - [INFO] Recieved Request at favicon.ico
2013-02-05 21:17:28,124 - UREpkMCoAgIAAJI16O0AAAAE - [ROOT] - [INFO] Recieved Request at home
2013-02-05 21:17:29,151 - UREpkcCoAgIAAJI16O8AAAAE - [ROOT] - [INFO] Recieved Request at favicon.ico
2013-02-05 21:18:00,006 - UREpr8CoAgIAAJIPe@YAAAAC - [ROOT] - [INFO] Recieved Request at home
2013-02-05 21:18:01,007 - UREpsMCoAgIAAJIPe@gAAAAC - [ROOT] - [INFO] Recieved Request at favicon.ico
2013-02-05 21:18:32,094 - UREp0MCoAgIAAFUCGm4AAAAA - [ROOT] - [INFO] Recieved Request at home
2013-02-05 21:18:33,268 - UREp0cCoAgIAAFUCGnAAAAAA - [ROOT] - [INFO] Recieved Request at favicon.ico
2013-02-05 21:18:55,165 - UREp58CoAgIAAJI06GcAAAAD - [ROOT] - [INFO] Recieved Request at home
2013-02-05 21:18:56,471 - UREp6MCoAgIAAJI06GkAAAAD - [ROOT] - [INFO] Recieved Request at favicon.ico
2013-02-05 21:19:21,876 - UREqAcCoAgIAAJI16PEAAAAE - [ROOT] - [INFO] Recieved Request at home
2013-02-05 21:19:22,890 - UREqAsCoAgIAAJI16PMAAAAE - [ROOT] - [INFO] Recieved Request at favicon.ico
2013-02-05 21:20:16,732 - UREqOMCoAgIAAJIPe@oAAAAC - [ROOT] - [INFO] Recieved Request at home
2013-02-05 21:20:16,848 - UREqOMCoAgIAAJIPe@sAAAAC - [ROOT] - [INFO] Recieved Request at favicon.ico
2013-02-05 21:20:35,420 - UREqS8CoAgIAAFUCGnIAAAAA - [ROOT] - [INFO] Recieved Request at home
2013-02-05 21:20:35,530 - UREqS8CoAgIAAFUCGnMAAAAA - [ROOT] - [INFO] Recieved Request at favicon.ico
2013-02-05 21:25:34,245 - URErdsCoAgIAAJIPe@wAAAAC - [ROOT] - [INFO] Recieved Request at home
2013-02-05 21:25:34,813 - URErdsCoAgIAAJIPe@4AAAAC - [ROOT] - [INFO] Recieved Request at favicon.ico
