2013-02-06 01:01:42,324 - URFeHsCoAgIAAJYlXIsAAAAA - [ROOT] - [INFO] Recieved Request at interests
2013-02-06 01:01:55,846 - URFeK8CoAgIAAJc1Zx8AAAAE - [ROOT] - [INFO] Recieved Request at interests
2013-02-06 01:03:18,034 - URFefsCoAgIAAJc6Qv0AAAAG - [ROOT] - [INFO] Recieved Request at interests
2013-02-06 01:06:09,986 - URFfKcCoAgIAAJYmXR0AAAAB - [ROOT] - [INFO] Recieved Request at dates
2013-02-06 01:08:14,406 - URFfpsCoAgIAAJYnXSUAAAAC - [ROOT] - [INFO] Recieved Request at dates
2013-02-06 01:11:32,531 - URFgbMCoAgIAAJYlXI0AAAAA - [ROOT] - [INFO] Recieved Request at delete
2013-02-06 01:11:33,579 - URFgbcCoAgIAAJYlXI4AAAAA - [ROOT] - [INFO] Recieved Request at application
2013-02-06 01:14:49,251 - URFhMcCoAgIAAJc1ZyMAAAAE - [ROOT] - [INFO] Recieved Request at application
2013-02-06 01:20:14,128 - URFidsCoAgIAAJc6QwEAAAAG - [ROOT] - [INFO] Recieved Request at application
2013-02-06 01:24:09,974 - URFjYcCoAgIAAJYnXScAAAAC - [ROOT] - [INFO] Recieved Request at application
2013-02-06 01:26:08,958 - URFj2MCoAgIAAJbsNlQAAAAD - [ROOT] - [INFO] Recieved Request at application
2013-02-06 01:27:24,715 - URFkJMCoAgIAAJYlXJEAAAAA - [ROOT] - [INFO] Recieved Request at application
2013-02-06 01:29:55,967 - URFku8CoAgIAAJbsNlYAAAAD - [ROOT] - [INFO] Recieved Request at application
2013-02-06 01:33:12,736 - URFlgMCoAgIAAJc5QvoAAAAF - [ROOT] - [INFO] Recieved Request at application
2013-02-06 01:36:16,446 - URFmOMCoAgIAAJc6QwYAAAAG - [ROOT] - [INFO] Recieved Request at application
2013-02-06 01:37:01,186 - URFmZcCoAgIAAJc5Qv0AAAAF - [ROOT] - [INFO] Recieved Request at application
2013-02-06 01:37:14,531 - URFmcsCoAgIAAJYnXS0AAAAC - [ROOT] - [INFO] Recieved Request at 
2013-02-06 01:37:18,864 - URFmdsCoAgIAAJYnXS8AAAAC - [ROOT] - [INFO] Recieved Request at dates
2013-02-06 01:37:23,910 - URFme8CoAgIAAJYnXTEAAAAC - [ROOT] - [INFO] Recieved Request at application
2013-02-06 01:37:31,858 - URFmg8CoAgIAAJc6QwkAAAAG - [ROOT] - [INFO] Recieved Request at interests
2013-02-06 01:38:57,251 - URFm2cCoAgIAAJc1ZykAAAAE - [ROOT] - [INFO] Recieved Request at interests
2013-02-06 01:39:56,332 - URFnFMCoAgIAAJYmXSQAAAAB - [ROOT] - [INFO] Recieved Request at interests
2013-02-06 01:40:52,937 - URFnTMCoAgIAAJc1ZysAAAAE - [ROOT] - [INFO] Recieved Request at interests
2013-02-06 01:41:36,146 - URFneMCoAgIAAJbsNloAAAAD - [ROOT] - [INFO] Recieved Request at interests
2013-02-06 01:41:42,126 - URFnfsCoAgIAAJbsNl4AAAAD - [ROOT] - [INFO] Recieved Request at dates
2013-02-06 01:41:48,705 - URFnhMCoAgIAAJYmXScAAAAB - [ROOT] - [INFO] Recieved Request at application
2013-02-06 01:41:51,655 - URFnh8CoAgIAAJYmXSkAAAAB - [ROOT] - [INFO] Recieved Request at 
