2013-02-06 00:01:10,055 - URFP7sCoAgIAAJYnXQoAAAAC - [ROOT] - [INFO] Recieved Request at application
2013-02-06 00:05:48,071 - URFRBMCoAgIAAJYlXHsAAAAA - [ROOT] - [INFO] Recieved Request at application
2013-02-06 00:06:03,296 - URFRE8CoAgIAAJYnXQwAAAAC - [ROOT] - [INFO] Recieved Request at 
2013-02-06 00:07:15,464 - URFRW8CoAgIAAJbsNjYAAAAD - [ROOT] - [INFO] Recieved Request at application
2013-02-06 00:08:05,144 - URFRjcCoAgIAAJYlXH8AAAAA - [ROOT] - [INFO] Recieved Request at application
2013-02-06 00:08:37,072 - URFRrcCoAgIAAJYmXQ0AAAAB - [ROOT] - [INFO] Recieved Request at application
2013-02-06 00:09:07,230 - URFRy8CoAgIAAJbsNjsAAAAD - [ROOT] - [INFO] Recieved Request at application
2013-02-06 00:09:48,708 - URFR9MCoAgIAAJYmXQ8AAAAB - [ROOT] - [INFO] Recieved Request at application
2013-02-06 00:10:35,351 - URFSI8CoAgIAAJbsNj0AAAAD - [ROOT] - [INFO] Recieved Request at application
2013-02-06 00:12:02,299 - URFSesCoAgIAAJYnXRQAAAAC - [ROOT] - [INFO] Recieved Request at application
2013-02-06 00:13:22,869 - URFSysCoAgIAAJYlXIYAAAAA - [ROOT] - [INFO] Recieved Request at application
2013-02-06 00:13:59,131 - URFS78CoAgIAAJc5QusAAAAF - [ROOT] - [INFO] Recieved Request at application
2013-02-06 00:14:26,862 - URFTCsCoAgIAAJbsNkAAAAAD - [ROOT] - [INFO] Recieved Request at application
2013-02-06 00:15:04,790 - URFTMMCoAgIAAJc5Qu0AAAAF - [ROOT] - [INFO] Recieved Request at application
2013-02-06 00:26:21,590 - URFV1cCoAgIAAJbsNkQAAAAD - [ROOT] - [INFO] Recieved Request at application
2013-02-06 00:26:39,190 - URFV58CoAgIAAJc6QvEAAAAG - [ROOT] - [INFO] Recieved Request at application
2013-02-06 00:27:54,439 - URFWMsCoAgIAAJYmXRMAAAAB - [ROOT] - [INFO] Recieved Request at application
2013-02-06 00:28:22,743 - URFWTsCoAgIAAJYnXRoAAAAC - [ROOT] - [INFO] Recieved Request at application
2013-02-06 00:30:11,788 - URFWu8CoAgIAAJbsNkgAAAAD - [ROOT] - [INFO] Recieved Request at application
2013-02-06 00:38:47,474 - URFYv8CoAgIAAJc5QvIAAAAF - [ROOT] - [INFO] Recieved Request at application
2013-02-06 00:38:57,462 - URFYycCoAgIAAJc6QvQAAAAG - [ROOT] - [INFO] Recieved Request at application
2013-02-06 00:43:56,396 - URFZ9MCoAgIAAJc1ZxcAAAAE - [ROOT] - [INFO] Recieved Request at interests
2013-02-06 00:44:53,831 - URFaLcCoAgIAAJbsNkwAAAAD - [ROOT] - [INFO] Recieved Request at interests
2013-02-06 00:44:54,900 - URFaLsCoAgIAAJbsNk0AAAAD - [ROOT] - [INFO] Recieved Request at application
2013-02-06 00:45:12,202 - URFaQMCoAgIAAJc1ZxkAAAAE - [ROOT] - [INFO] Recieved Request at results
2013-02-06 00:45:15,166 - URFaQ8CoAgIAAJc1ZxsAAAAE - [ROOT] - [INFO] Recieved Request at application
2013-02-06 00:46:05,335 - URFadcCoAgIAAJYmXRcAAAAB - [ROOT] - [INFO] Recieved Request at application
2013-02-06 00:46:18,040 - URFagsCoAgIAAJYnXR8AAAAC - [ROOT] - [INFO] Recieved Request at interests
2013-02-06 00:48:04,159 - URFa7MCoAgIAAJYlXIkAAAAA - [ROOT] - [INFO] Recieved Request at interests
2013-02-06 00:49:13,458 - URFbMcCoAgIAAJc6QvkAAAAG - [ROOT] - [INFO] Recieved Request at interests
2013-02-06 00:49:35,932 - URFbR8CoAgIAAJYnXSEAAAAC - [ROOT] - [INFO] Recieved Request at interests
2013-02-06 00:51:21,192 - URFbscCoAgIAAJc1Zx0AAAAE - [ROOT] - [INFO] Recieved Request at interests
2013-02-06 00:51:55,172 - URFb08CoAgIAAJc5QvQAAAAF - [ROOT] - [INFO] Recieved Request at interests
2013-02-06 00:52:53,828 - URFcDcCoAgIAAJc6QvsAAAAG - [ROOT] - [INFO] Recieved Request at interests
2013-02-06 00:55:07,882 - URFck8CoAgIAAJbsNlEAAAAD - [ROOT] - [INFO] Recieved Request at interests
2013-02-06 00:56:06,151 - URFczsCoAgIAAJYmXRsAAAAB - [ROOT] - [INFO] Recieved Request at interests
2013-02-06 00:59:52,491 - URFdsMCoAgIAAJYnXSMAAAAC - [ROOT] - [INFO] Recieved Request at interests
