2013-02-05 23:03:30,137 - URFCasCoAgIAAJRdF-MAAAAE - [ROOT] - [INFO] Recieved Request at 
2013-02-05 23:04:20,615 - URFCnMCoAgIAAJI06IUAAAAD - [ROOT] - [INFO] Recieved Request at 
2013-02-05 23:09:11,377 - URFDv8CoAgIAAJReGA0AAAAG - [ROOT] - [INFO] Recieved Request at 
2013-02-05 23:21:26,325 - URFGnsCoAgIAAJI26QIAAAAF - [ROOT] - [INFO] Recieved Request at 
2013-02-05 23:21:43,138 - URFGr8CoAgIAAJRdF-cAAAAE - [ROOT] - [INFO] Recieved Request at 
2013-02-05 23:22:57,405 - URFG@cCoAgIAAJRcF3AAAAAC - [ROOT] - [INFO] Recieved Request at 
2013-02-05 23:23:21,333 - URFHEcCoAgIAAJHuSjYAAAAB - [ROOT] - [INFO] Recieved Request at 
2013-02-05 23:25:15,133 - URFHg8CoAgIAAJReGA8AAAAG - [ROOT] - [INFO] Recieved Request at 
2013-02-05 23:25:25,271 - URFHjcCoAgIAAJRcF3QAAAAC - [ROOT] - [INFO] Recieved Request at 
2013-02-05 23:25:45,967 - URFHocCoAgIAAJI06IcAAAAD - [ROOT] - [INFO] Recieved Request at 
2013-02-05 23:25:50,684 - URFHpsCoAgIAAJI06IgAAAAD - [ROOT] - [INFO] Recieved Request at application
2013-02-05 23:31:13,065 - URFI6cCoAgIAAJReGBEAAAAG - [ROOT] - [INFO] Recieved Request at application
2013-02-05 23:31:19,872 - URFI78CoAgIAAJRcF3YAAAAC - [ROOT] - [INFO] Recieved Request at 
2013-02-05 23:31:20,152 - URFI8MCoAgIAAJI06IoAAAAD - [ROOT] - [INFO] Recieved Request at 
2013-02-05 23:31:33,443 - URFI-cCoAgIAAFUCGooAAAAA - [ROOT] - [INFO] Recieved Request at 
2013-02-05 23:32:38,205 - URFJPsCoAgIAAJHuSjkAAAAB - [ROOT] - [INFO] Recieved Request at 
2013-02-05 23:33:50,855 - URFJhsCoAgIAAJReGBMAAAAG - [ROOT] - [INFO] Recieved Request at 
2013-02-05 23:35:27,250 - URFJ58CoAgIAAJYlXHUAAAAA - [ROOT] - [INFO] Recieved Request at 
2013-02-05 23:35:40,137 - URFJ9MCoAgIAAJYmXQEAAAAB - [ROOT] - [INFO] Recieved Request at 
2013-02-05 23:35:48,291 - URFJ-MCoAgIAAJYnXQQAAAAC - [ROOT] - [INFO] Recieved Request at application
2013-02-05 23:39:35,606 - URFK38CoAgIAAJYmXQUAAAAB - [ROOT] - [INFO] Recieved Request at application
2013-02-05 23:40:56,094 - URFLMMCoAgIAAJYnXQYAAAAC - [ROOT] - [INFO] Recieved Request at application
2013-02-05 23:42:48,118 - URFLoMCoAgIAAJYlXHcAAAAA - [ROOT] - [INFO] Recieved Request at application
2013-02-05 23:56:37,872 - URFO3cCoAgIAAJYmXQcAAAAB - [ROOT] - [INFO] Recieved Request at application
2013-02-05 23:57:00,014 - URFO9MCoAgIAAJYnXQgAAAAC - [ROOT] - [INFO] Recieved Request at application
2013-02-05 23:58:59,085 - URFPa8CoAgIAAJYlXHkAAAAA - [ROOT] - [INFO] Recieved Request at application
2013-02-05 23:59:10,633 - URFPdsCoAgIAAJYmXQkAAAAB - [ROOT] - [INFO] Recieved Request at application
