2013-02-07 17:02:47,489 - URPeNwrS6p8AABEjS2IAAAAG - [ROOT] - [INFO] Recieved Request at 
2013-02-07 17:12:01,420 - URPgYQrS6p8AABWjwMQAAAAK - [ROOT] - [INFO] Recieved Request at 
2013-02-07 17:12:27,279 - URPgewrS6p8AABEjS2QAAAAG - [ROOT] - [INFO] Recieved Request at application
2013-02-07 17:13:44,732 - URPgyArS6p8AABykUPwAAAAD - [ROOT] - [INFO] Recieved Request at dates
2013-02-07 17:18:15,313 - URPh1wrS6p8AABWjwMYAAAAK - [ROOT] - [INFO] Recieved Request at dates
2013-02-07 17:19:28,672 - URPiIArS6p8AAByfIM0AAAAE - [ROOT] - [INFO] Recieved Request at dates
2013-02-07 17:19:32,344 - URPiJArS6p8AAByfIM8AAAAE - [ROOT] - [INFO] Recieved Request at application
2013-02-07 17:19:38,558 - URPiKgrS6p8AABEiSMMAAAAF - [ROOT] - [INFO] Recieved Request at interests
2013-02-07 17:19:47,728 - URPiMwrS6p8AAByiLkUAAAAB - [ROOT] - [INFO] Recieved Request at interests
2013-02-07 17:21:31,816 - URPimwrS6p8AAByfINAAAAAE - [ROOT] - [INFO] Recieved Request at interests
2013-02-07 17:25:58,549 - URPjpgrS6p8AABygIHoAAAAL - [ROOT] - [INFO] Recieved Request at interests
2013-02-07 17:27:03,425 - URPj5wrS6p8AABWjwMgAAAAK - [ROOT] - [INFO] Recieved Request at interests
2013-02-07 17:28:06,887 - URPkJgrS6p8AAByiLkcAAAAB - [ROOT] - [INFO] Recieved Request at interests
2013-02-07 17:29:00,059 - URPkXArS6p8AABxwzIYAAAAC - [ROOT] - [INFO] Recieved Request at interests
2013-02-07 17:29:05,221 - URPkYQrS6p8AABxwzIgAAAAC - [ROOT] - [INFO] Recieved Request at interests
2013-02-07 17:30:27,484 - URPkswrS6p8AABEZA7EAAAAA - [ROOT] - [INFO] Recieved Request at interests
2013-02-07 17:30:58,480 - URPk0grS6p8AABEjS2gAAAAG - [ROOT] - [INFO] Recieved Request at interests
2013-02-07 17:31:05,483 - URPk2QrS6p8AABWjwMoAAAAK - [ROOT] - [INFO] Recieved Request at interests
2013-02-07 17:31:48,916 - URPlBArS6p8AABEiSMUAAAAF - [ROOT] - [INFO] Recieved Request at interests
2013-02-07 17:33:00,208 - URPlTArS6p8AAByiLkkAAAAB - [ROOT] - [INFO] Recieved Request at interests
2013-02-07 17:34:28,102 - URPlpArS6p8AABygIHsAAAAL - [ROOT] - [INFO] Recieved Request at interests
2013-02-07 17:34:54,069 - URPlvgrS6p8AABEZA7MAAAAA - [ROOT] - [INFO] Recieved Request at interests
2013-02-07 17:35:20,585 - URPl2ArS6p8AABEjS2oAAAAG - [ROOT] - [INFO] Recieved Request at interests
2013-02-07 17:35:45,895 - URPl8QrS6p8AABEiSMcAAAAF - [ROOT] - [INFO] Recieved Request at interests
2013-02-07 17:36:24,691 - URPmGArS6p8AACEiVqYAAAAH - [ROOT] - [INFO] Recieved Request at interests
2013-02-07 17:37:06,374 - URPmQgrS6p8AABxwzIsAAAAC - [ROOT] - [INFO] Recieved Request at interests
2013-02-07 17:37:33,188 - URPmXQrS6p8AABykUQAAAAAD - [ROOT] - [INFO] Recieved Request at interests
2013-02-07 17:39:11,274 - URPmvwrS6p8AABWjwM0AAAAK - [ROOT] - [INFO] Recieved Request at interests
2013-02-07 17:40:04,637 - URPm9ArS6p8AAByfINIAAAAE - [ROOT] - [INFO] Recieved Request at interests
2013-02-07 17:41:10,434 - URPnNgrS6p8AAByiLk0AAAAB - [ROOT] - [INFO] Recieved Request at interests
2013-02-07 17:44:21,269 - URPn9QrS6p8AABxwzI0AAAAC - [ROOT] - [INFO] Recieved Request at interests
2013-02-07 17:44:21,476 - URPn9QrS6p8AABxwzI0AAAAC - [ROOT] - [WARN] Sending notifications to 100001935357247 and 1244537253
