2013-02-06 22:05:51,055 - URLTvwrS6p8AAFrLUAUAAAAI - [ROOT] - [INFO] Recieved Request at privacy
2013-02-06 22:07:17,418 - URLUFQrS6p8AAF1ygCwAAAAH - [ROOT] - [INFO] Recieved Request at 
2013-02-06 22:07:22,254 - URLUGgrS6p8AAF1ygC4AAAAH - [ROOT] - [INFO] Recieved Request at dates
2013-02-06 22:07:29,936 - URLUIQrS6p8AAF6ZC7kAAAAL - [ROOT] - [INFO] Recieved Request at 
2013-02-06 22:07:36,002 - URLUJwrS6p8AAF6ZC70AAAAL - [ROOT] - [INFO] Recieved Request at dates
2013-02-06 22:07:37,676 - URLUKQrS6p8AAF6ZC78AAAAL - [ROOT] - [INFO] Recieved Request at application
2013-02-06 22:07:44,025 - URLUMArS6p8AAF6ZC8IAAAAL - [ROOT] - [INFO] Recieved Request at interests
2013-02-06 22:07:47,113 - URLUMwrS6p8AAF6ZC8QAAAAL - [ROOT] - [INFO] Recieved Request at dates
2013-02-06 22:07:52,652 - URLUOArS6p8AAEk@alEAAAAC - [ROOT] - [INFO] Recieved Request at dates
2013-02-06 22:11:14,907 - URLVAgrS6p8AAEk-bIAAAAAF - [ROOT] - [INFO] Recieved Request at privacy
2013-02-06 22:11:26,048 - URLVDgrS6p8AAEInBn8AAAAJ - [ROOT] - [INFO] Recieved Request at application
2013-02-06 22:11:28,550 - URLVEArS6p8AAEInBoAAAAAJ - [ROOT] - [INFO] Recieved Request at 
2013-02-06 22:11:34,813 - URLVFgrS6p8AAFrLUAYAAAAI - [ROOT] - [INFO] Recieved Request at privacy
2013-02-06 22:12:57,054 - URLVaQrS6p8AAF1ygC8AAAAH - [ROOT] - [INFO] Recieved Request at application
2013-02-06 22:13:25,117 - URLVhQrS6p8AAF6aDRgAAAAM - [ROOT] - [INFO] Recieved Request at application
2013-02-06 22:13:58,070 - URLVpgrS6p8AAEk@alIAAAAC - [ROOT] - [INFO] Recieved Request at application
2013-02-06 22:14:03,814 - URLVqwrS6p8AAEIhAd0AAAAA - [ROOT] - [INFO] Recieved Request at 
2013-02-06 22:15:00,574 - URLV5ArS6p8AAEk-bIEAAAAF - [ROOT] - [INFO] Recieved Request at application
2013-02-06 22:15:02,615 - URLV5grS6p8AAEk-bIIAAAAF - [ROOT] - [INFO] Recieved Request at dates
2013-02-06 22:15:39,429 - URLWCwrS6p8AAFrLUAcAAAAI - [ROOT] - [INFO] Recieved Request at delete
2013-02-06 22:15:43,322 - URLWDwrS6p8AAFrLUAgAAAAI - [ROOT] - [INFO] Recieved Request at application
2013-02-06 22:15:46,778 - URLWEgrS6p8AAFrLUAkAAAAI - [ROOT] - [INFO] Recieved Request at privacy
2013-02-06 22:15:49,097 - URLWFQrS6p8AAFrLUAoAAAAI - [ROOT] - [INFO] Recieved Request at 
2013-02-06 22:15:51,199 - URLWFwrS6p8AAFrLUAwAAAAI - [ROOT] - [INFO] Recieved Request at dates
2013-02-06 22:16:04,000 - URLWIwrS6p8AAF1ygDAAAAAH - [ROOT] - [INFO] Recieved Request at application
2013-02-06 22:16:11,513 - URLWKwrS6p8AAEIkBgEAAAAG - [ROOT] - [INFO] Recieved Request at interests
2013-02-06 22:16:14,830 - URLWLgrS6p8AAEIkBgIAAAAG - [ROOT] - [INFO] Recieved Request at dates
