2013-02-07 01:00:16,904 - URKvSMCoAgIAAJc1Z2gAAAAE - [ROOT] - [INFO] Recieved Request at 
2013-02-07 01:01:25,462 - URKvjcCoAgIAAJYnXXsAAAAC - [ROOT] - [INFO] Recieved Request at 
2013-02-07 01:04:20,739 - URKwPMCoAgIAAJYmXXAAAAAB - [ROOT] - [INFO] Recieved Request at 
2013-02-07 01:04:48,712 - URKwWMCoAgIAAJYnXYAAAAAC - [ROOT] - [INFO] Recieved Request at 
2013-02-07 01:05:51,837 - URKwl8CoAgIAAJc1Z2oAAAAE - [ROOT] - [INFO] Recieved Request at 
2013-02-07 01:06:02,005 - URKwocCoAgIAAJc5Q0YAAAAF - [ROOT] - [INFO] Recieved Request at privacy
2013-02-07 01:06:10,918 - URKwqsCoAgIAAJYmXXIAAAAB - [ROOT] - [INFO] Recieved Request at 
2013-02-07 01:06:14,739 - URKwrsCoAgIAAJYmXXUAAAAB - [ROOT] - [INFO] Recieved Request at application
2013-02-07 01:06:14,795 - URKwrsCoAgIAAJYmXXYAAAAB - [ROOT] - [INFO] Recieved Request at 
2013-02-07 01:09:02,866 - URKxVsCoAgIAAJbsNpkAAAAD - [ROOT] - [INFO] Recieved Request at 
2013-02-07 01:09:18,180 - URKxZsCoAgIAAJYmXXgAAAAB - [ROOT] - [INFO] Recieved Request at privacy
2013-02-07 01:09:19,973 - URKxZ8CoAgIAAJYmXXoAAAAB - [ROOT] - [INFO] Recieved Request at application
2013-02-07 01:09:19,988 - URKxZ8CoAgIAAJYmXXsAAAAB - [ROOT] - [INFO] Recieved Request at 
2013-02-07 01:11:07,233 - URKx08CoAgIAAJc6Q0UAAAAG - [ROOT] - [INFO] Recieved Request at 
2013-02-07 01:13:13,036 - URKyUMCoAgIAAJc1Z28AAAAE - [ROOT] - [INFO] Recieved Request at 
2013-02-07 01:15:56,679 - URKy9MCoAgIAAJc6Q0cAAAAG - [ROOT] - [INFO] Recieved Request at 
2013-02-07 01:17:04,463 - URKzOMCoAgIAAJYnXYUAAAAC - [ROOT] - [INFO] Recieved Request at 
2013-02-07 01:18:13,799 - URKzfcCoAgIAAJc5Q0wAAAAF - [ROOT] - [INFO] Recieved Request at 
2013-02-07 01:24:19,539 - URK068CoAgIAAJc6Q0kAAAAG - [ROOT] - [INFO] Recieved Request at 
2013-02-07 01:26:29,085 - URK1bMCoAgIAAJbsNqIAAAAD - [ROOT] - [INFO] Recieved Request at 
2013-02-07 01:28:01,602 - URK1ycCoAgIAAJc1Z3UAAAAE - [ROOT] - [INFO] Recieved Request at 
2013-02-07 01:31:38,580 - URK2osCoAgIAAJYmXX0AAAAB - [ROOT] - [INFO] Recieved Request at 
2013-02-07 01:32:22,416 - URK2zsCoAgIAAJYlXNAAAAAA - [ROOT] - [INFO] Recieved Request at 
2013-02-07 01:32:45,364 - URK25cCoAgIAAJYnXYsAAAAC - [ROOT] - [INFO] Recieved Request at 
2013-02-07 01:39:52,955 - URK4kMCoAgIAAJc5Q1IAAAAF - [ROOT] - [INFO] Recieved Request at 
