2013-02-07 18:03:06,030 - URPsWgrS6p8AABEjS2sAAAAG - [ROOT] - [INFO] Recieved Request at interests
2013-02-07 18:06:05,678 - URPtDQrS6p8AAByiLlAAAAAB - [ROOT] - [INFO] Recieved Request at interests
2013-02-07 18:06:42,958 - URPtMgrS6p8AABEZA7UAAAAA - [ROOT] - [INFO] Recieved Request at interests
2013-02-07 18:06:43,340 - URPtMwrS6p8AABEZA7YAAAAA - [ROOT] - [INFO] Recieved Request at 
2013-02-07 18:06:49,488 - URPtOQrS6p8AABEZA7oAAAAA - [ROOT] - [INFO] Recieved Request at 
2013-02-07 18:06:53,441 - URPtPQrS6p8AABEZA7sAAAAA - [ROOT] - [INFO] Recieved Request at application
2013-02-07 18:06:59,441 - URPtQwrS6p8AABykUQIAAAAD - [ROOT] - [INFO] Recieved Request at interests
2013-02-07 18:08:25,974 - URPtmQrS6p8AABEjS2wAAAAG - [ROOT] - [INFO] Recieved Request at interests
2013-02-07 18:08:47,590 - URPtrwrS6p8AABEiSMkAAAAF - [ROOT] - [INFO] Recieved Request at interests
2013-02-07 18:09:52,498 - URPt8ArS6p8AACEiVqkAAAAH - [ROOT] - [INFO] Recieved Request at interests
2013-02-07 18:09:52,677 - URPt8ArS6p8AACEiVqkAAAAH - [ROOT] - [WARN] Sending notifications to 100001935357247 and 1244537253
2013-02-07 18:09:57,519 - URPt9QrS6p8AACEiVqwAAAAH - [ROOT] - [INFO] Recieved Request at dates
2013-02-07 18:11:51,614 - URPuZwrS6p8AABxwzJIAAAAC - [ROOT] - [INFO] Recieved Request at dates
2013-02-07 18:11:54,745 - URPuagrS6p8AABxwzJMAAAAC - [ROOT] - [INFO] Recieved Request at application
2013-02-07 18:12:01,036 - URPucQrS6p8AABEZA7wAAAAA - [ROOT] - [INFO] Recieved Request at interests
2013-02-07 18:12:04,012 - URPudArS6p8AABEZA70AAAAA - [ROOT] - [INFO] Recieved Request at dates
2013-02-07 18:12:05,764 - URPudQrS6p8AABEZA74AAAAA - [ROOT] - [INFO] Recieved Request at application
2013-02-07 18:12:26,121 - URPuigrS6p8AABykUQQAAAAD - [ROOT] - [INFO] Recieved Request at 
2013-02-07 18:12:31,255 - URPujwrS6p8AABWjwNIAAAAK - [ROOT] - [INFO] Recieved Request at 
2013-02-07 18:12:34,046 - URPukgrS6p8AABWjwNMAAAAK - [ROOT] - [INFO] Recieved Request at application
2013-02-07 18:12:38,682 - URPulgrS6p8AABWjwNUAAAAK - [ROOT] - [INFO] Recieved Request at interests
2013-02-07 18:12:38,868 - URPulgrS6p8AABWjwNUAAAAK - [ROOT] - [WARN] Sending notifications to 1244537253 and 100001935357247
2013-02-07 18:12:42,781 - URPumgrS6p8AABWjwNYAAAAK - [ROOT] - [INFO] Recieved Request at dates
2013-02-07 18:12:46,274 - URPungrS6p8AABWjwNcAAAAK - [ROOT] - [INFO] Recieved Request at application
2013-02-07 18:12:48,178 - URPuoArS6p8AABWjwNgAAAAK - [ROOT] - [INFO] Recieved Request at dates
2013-02-07 18:12:53,593 - URPupQrS6p8AABEiSMsAAAAF - [ROOT] - [INFO] Recieved Request at dates
2013-02-07 18:13:40,278 - URPu1ArS6p8AAByiLlIAAAAB - [ROOT] - [INFO] Recieved Request at dates
2013-02-07 18:15:04,526 - URPvKArS6p8AABygIH0AAAAL - [ROOT] - [INFO] Recieved Request at dates
2013-02-07 18:16:11,122 - URPvawrS6p8AABEZA78AAAAA - [ROOT] - [INFO] Recieved Request at dates
2013-02-07 18:17:11,389 - URPvpwrS6p8AABWjwNkAAAAK - [ROOT] - [INFO] Recieved Request at dates
2013-02-07 18:17:40,636 - URPvxArS6p8AAByiLlQAAAAB - [ROOT] - [INFO] Recieved Request at dates
2013-02-07 18:17:46,499 - URPvygrS6p8AABxwzJQAAAAC - [ROOT] - [INFO] Recieved Request at dates
2013-02-07 18:19:58,060 - URPwTgrS6p8AABWjwNwAAAAK - [ROOT] - [INFO] Recieved Request at application
2013-02-07 18:20:06,231 - URPwVgrS6p8AACEiVq4AAAAH - [ROOT] - [INFO] Recieved Request at dates
2013-02-07 18:20:08,456 - URPwWArS6p8AACEiVq8AAAAH - [ROOT] - [INFO] Recieved Request at application
2013-02-07 18:20:11,516 - URPwWwrS6p8AACEiVrAAAAAH - [ROOT] - [INFO] Recieved Request at interests
2013-02-07 18:20:11,702 - URPwWwrS6p8AACEiVrAAAAAH - [ROOT] - [WARN] Sending notifications to 1244537253 and 100001935357247
2013-02-07 18:24:23,554 - URPxVwrS6p8AAByfINUAAAAE - [ROOT] - [INFO] Recieved Request at dates
2013-02-07 18:34:21,614 - URPzrQrS6p8AACEiVrEAAAAH - [ROOT] - [INFO] Recieved Request at application
2013-02-07 18:35:46,777 - URP0AgrS6p8AABEZA8IAAAAA - [ROOT] - [INFO] Recieved Request at 
