WARN - My fourth message.
ERROR - My fifth message.
FATAL - My sixth message.
WARN - My fourth message.
ERROR - My fifth message.
FATAL - My sixth message.
2013-02-04T23:30:42+05:30 [myLogger] My fourth message.
2013-02-04T23:30:42+05:30 [myLogger] My fifth message.
2013-02-04T23:30:42+05:30 [myLogger] My sixth message.
2013-02-04T23:30:42+05:30 [myLogger] My fourth message.
2013-02-04T23:30:42+05:30 [myLogger] My fifth message.
2013-02-04T23:30:42+05:30 [myLogger] My sixth message.
2013-02-04T23:31:33+05:30 [ROOT] My fourth message.
2013-02-04T23:31:33+05:30 [ROOT] My fifth message.
2013-02-04T23:31:33+05:30 [ROOT] My sixth message.
2013-02-04T23:31:33+05:30 [ROOT] My fourth message.
2013-02-04T23:31:33+05:30 [ROOT] My fifth message.
2013-02-04T23:31:33+05:30 [ROOT] My sixth message.
2013-02-04T23:33:24+05:30 [TEST] My fourth message.
2013-02-04T23:33:24+05:30 [TEST] My fifth message.
2013-02-04T23:33:24+05:30 [TEST] My sixth message.
2013-02-04T23:33:25+05:30 [TEST] My fourth message.
2013-02-04T23:33:25+05:30 [TEST] My fifth message.
2013-02-04T23:33:25+05:30 [TEST] My sixth message.
2013-02-04T23:33:57+05:30 [TEST] My fourth message.
2013-02-04T23:33:57+05:30 [TEST] My fifth message.
2013-02-04T23:33:57+05:30 [TEST] My sixth message.
2013-02-04T23:33:58+05:30 [TEST] My fourth message.
2013-02-04T23:33:58+05:30 [TEST] My fifth message.
2013-02-04T23:33:58+05:30 [TEST] My sixth message.
2013-02-04 23:43:45,554 - UQ-6WcCoAgIAAFPPARwAAAAA - [ROOT] - [WARN%] My fourth message.
2013-02-04 23:43:45,570 - UQ-6WcCoAgIAAFPPARwAAAAA - [ROOT] - [ERROR%] My fifth message.
2013-02-04 23:43:45,570 - UQ-6WcCoAgIAAFPPARwAAAAA - [ROOT] - [FATAL%] My sixth message.
2013-02-04 23:43:45,668 - UQ-6WcCoAgIAAFPPAR0AAAAA - [ROOT] - [WARN%] My fourth message.
2013-02-04 23:43:45,669 - UQ-6WcCoAgIAAFPPAR0AAAAA - [ROOT] - [ERROR%] My fifth message.
2013-02-04 23:43:45,669 - UQ-6WcCoAgIAAFPPAR0AAAAA - [ROOT] - [FATAL%] My sixth message.
